<?xml version="1.0" encoding="UTF-8"?>
<!-- Generated by org.testng.reporters.JUnitXMLReporter -->
<testsuite ignored="3" hostname="DESKTOP-2C5OJD0" failures="0" tests="4" name="first" time="0.127" errors="0" timestamp="2023-06-20T21:00:06 IST">
  <testcase classname="com.testngPractice.GroupingClass" name="tc_01" time="0.012"/>
  <testcase classname="com.testngPractice.GroupingClass" name="tc_03" time="0.002"/>
  <testcase classname="com.testngPractice.GroupingClass" name="tc_05" time="0.003"/>
  <testcase classname="com.testngPractice.GroupingClass" name="tc_07" time="0.004"/>
  <testcase classname="com.testngPractice.GroupingClass" name="tc_02" time="0.0">
    <ignored/>
  </testcase> <!-- tc_02 -->
  <testcase classname="com.testngPractice.GroupingClass" name="tc_06" time="0.0">
    <ignored/>
  </testcase> <!-- tc_06 -->
  <testcase classname="com.testngPractice.GroupingClass" name="tc_04" time="0.0">
    <ignored/>
  </testcase> <!-- tc_04 -->
</testsuite> <!-- first -->
