<?xml version="1.0" encoding="UTF-8"?>
<!-- Generated by org.testng.reporters.JUnitXMLReporter -->
<testsuite ignored="0" hostname="DESKTOP-2C5OJD0" failures="1" tests="3" name="prio" time="0.072" errors="0" timestamp="2023-06-19T21:24:11 IST">
  <testcase classname="com.testngPractice.PriorityClass" name="dog" time="0.007"/>
  <testcase classname="com.testngPractice.PriorityClass" name="test" time="0.014">
    <failure type="java.lang.AssertionError" message="expected [TCM] but found [HCM]">
      <![CDATA[java.lang.AssertionError: expected [TCM] but found [HCM]
at com.testngPractice.PriorityClass.test(PriorityClass.java:14)
at java.base/java.util.ArrayList.forEach(ArrayList.java:1511)
... Removed 33 stack frames]]>
    </failure>
  </testcase> <!-- test -->
  <testcase classname="com.testngPractice.PriorityClass" name="camera" time="0.0">
    <skipped/>
  </testcase> <!-- camera -->
</testsuite> <!-- prio -->
