<?xml version="1.0" encoding="UTF-8"?>
<testng-results ignored="0" total="2" passed="2" failed="0" skipped="0">
  <reporter-output>
  </reporter-output>
  <suite started-at="2023-07-11T21:24:04 IST" name="Suite" finished-at="2023-07-11T21:24:38 IST" duration-ms="34365">
    <groups>
    </groups>
    <test started-at="2023-07-11T21:24:04 IST" name="Test" finished-at="2023-07-11T21:24:38 IST" duration-ms="34365">
      <class name="com.testCases.TC_001">
        <test-method is-config="true" signature="beforesuit()[pri:0, instance:com.testCases.TC_001@c333c60]" started-at="2023-07-11T21:24:03 IST" name="beforesuit" finished-at="2023-07-11T21:24:04 IST" duration-ms="615" status="PASS">
          <reporter-output>
          </reporter-output>
        </test-method> <!-- beforesuit -->
        <test-method is-config="true" signature="beforeMethod(org.testng.ITestResult)[pri:0, instance:com.testCases.TC_001@c333c60]" started-at="2023-07-11T21:24:04 IST" name="beforeMethod" finished-at="2023-07-11T21:24:06 IST" duration-ms="1871" status="PASS">
          <params>
            <param index="0">
              <value>
                <![CDATA[[TestResult name={null} status=CREATED method=TC_001.tC_user_Registor()[pri:0, instance:com.testCases.TC_001@c333c60] output={null}]]]>
              </value>
            </param>
          </params>
          <reporter-output>
          </reporter-output>
        </test-method> <!-- beforeMethod -->
        <test-method signature="tC_user_Registor()[pri:0, instance:com.testCases.TC_001@c333c60]" started-at="2023-07-11T21:24:06 IST" name="tC_user_Registor" finished-at="2023-07-11T21:24:18 IST" duration-ms="12093" status="PASS">
          <reporter-output>
          </reporter-output>
        </test-method> <!-- tC_user_Registor -->
        <test-method is-config="true" signature="afterMethod()[pri:0, instance:com.testCases.TC_001@c333c60]" started-at="2023-07-11T21:24:18 IST" name="afterMethod" finished-at="2023-07-11T21:24:18 IST" duration-ms="547" status="PASS">
          <reporter-output>
          </reporter-output>
        </test-method> <!-- afterMethod -->
        <test-method is-config="true" signature="beforeMethod(org.testng.ITestResult)[pri:0, instance:com.testCases.TC_001@c333c60]" started-at="2023-07-11T21:24:18 IST" name="beforeMethod" finished-at="2023-07-11T21:24:18 IST" duration-ms="73" status="PASS">
          <params>
            <param index="0">
              <value>
                <![CDATA[[TestResult name={null} status=CREATED method=TC_001.tC_user_Login()[pri:1, instance:com.testCases.TC_001@c333c60] output={null}]]]>
              </value>
            </param>
          </params>
          <reporter-output>
          </reporter-output>
        </test-method> <!-- beforeMethod -->
        <test-method signature="tC_user_Login()[pri:1, instance:com.testCases.TC_001@c333c60]" started-at="2023-07-11T21:24:18 IST" name="tC_user_Login" finished-at="2023-07-11T21:24:37 IST" duration-ms="19071" status="PASS">
          <reporter-output>
          </reporter-output>
        </test-method> <!-- tC_user_Login -->
        <test-method is-config="true" signature="afterMethod()[pri:0, instance:com.testCases.TC_001@c333c60]" started-at="2023-07-11T21:24:37 IST" name="afterMethod" finished-at="2023-07-11T21:24:38 IST" duration-ms="640" status="PASS">
          <reporter-output>
          </reporter-output>
        </test-method> <!-- afterMethod -->
        <test-method is-config="true" signature="afterSuite()[pri:0, instance:com.testCases.TC_001@c333c60]" started-at="2023-07-11T21:24:38 IST" name="afterSuite" finished-at="2023-07-11T21:24:38 IST" duration-ms="110" status="PASS">
          <reporter-output>
          </reporter-output>
        </test-method> <!-- afterSuite -->
      </class> <!-- com.testCases.TC_001 -->
    </test> <!-- Test -->
  </suite> <!-- Suite -->
</testng-results>
